<?xml version="1.0" encoding="UTF-8"?>
<testsuite name="TestRun" tests="1" skipped="0" failures="0" errors="0" timestamp="2020-03-20T20:10:30" hostname="macintosh.home" time="5.799">
  <properties/>
  <testcase name="test01" classname="TestRun" time="5.799"/>
  <system-out><![CDATA[]]></system-out>
  <system-err><![CDATA[]]></system-err>
</testsuite>
